<?xml version="1.0" encoding="utf-8"?><testsuites name="pytest tests"><testsuite name="pytest" errors="0" failures="0" skipped="0" tests="18" time="1.303" timestamp="2026-07-04T15:15:59.539230+00:00" hostname="agent-env-00f58bf6-329a-4020-bfec-bfed05096ab9"><testcase classname="backend.tests.test_matchday_backend" name="test_root" time="0.251" /><testcase classname="backend.tests.test_matchday_backend" name="test_verdict" time="0.040" /><testcase classname="backend.tests.test_matchday_backend" name="test_dashboard" time="0.046" /><testcase classname="backend.tests.test_matchday_backend" name="test_events_list" time="0.044" /><testcase classname="backend.tests.test_matchday_backend" name="test_event_detail" time="0.043" /><testcase classname="backend.tests.test_matchday_backend" name="test_event_join_increments" time="0.167" /><testcase classname="backend.tests.test_matchday_backend" name="test_event_patch_score" time="0.086" /><testcase classname="backend.tests.test_matchday_backend" name="test_event_create" time="0.048" /><testcase classname="backend.tests.test_matchday_backend" name="test_missions_list" time="0.048" /><testcase classname="backend.tests.test_matchday_backend" name="test_quiz_submit_correct" time="0.044" /><testcase classname="backend.tests.test_matchday_backend" name="test_leaderboard" time="0.045" /><testcase classname="backend.tests.test_matchday_backend" name="test_rewards_list" time="0.043" /><testcase classname="backend.tests.test_matchday_backend" name="test_reward_action_approve" time="0.093" /><testcase classname="backend.tests.test_matchday_backend" name="test_calendar_list" time="0.042" /><testcase classname="backend.tests.test_matchday_backend" name="test_calendar_update" time="0.042" /><testcase classname="backend.tests.test_matchday_backend" name="test_safelock_get" time="0.042" /><testcase classname="backend.tests.test_matchday_backend" name="test_safelock_recompute" time="0.048" /><testcase classname="backend.tests.test_matchday_backend" name="test_audit_log" time="0.042" /></testsuite></testsuites>